Rendering to 1024x1024 image
Loaded data for 100000 circles from snow.par
Loaded scene with 100000 circles
Loaded data for 100000 circles from snow.par
Loaded scene with 100000 circles
---------------------------------------------------------
Initializing CUDA for CudaRenderer
Found 1 CUDA devices
Device 0: Quadro M1000M
   SMs:        4
   Global mem: 4044 MB
   CUDA Cap:   5.0
---------------------------------------------------------

Running benchmark, 1 frames, beginning at frame 0 ...
Copying image data from device
***************** Correctness check passed **************************
Clear:    0.2762 ms
Advance:  0.0011 ms
Render:   26775.5947 ms
Total:    26775.8720 ms

Overall:  27.1983 sec (note units are seconds)
